Arguments: 
  C:\Program Files\nodejs\node.exe C:\Program Files\nodejs\node_modules\yarn\bin\yarn.js tsc --init

PATH: 
  C:\Users\Mendoza\bin;C:\Program Files\Git\mingw64\bin;C:\Program Files\Git\usr\local\bin;C:\Program Files\Git\usr\bin;C:\Program Files\Git\usr\bin;C:\Program Files\Git\mingw64\bin;C:\Program Files\Git\usr\bin;C:\Users\Mendoza\bin;C:\Program Files (x86)\Common Files\Oracle\Java\javapath;C:\Windows\system32;C:\Windows;C:\Windows\System32\Wbem;C:\Windows\System32\WindowsPowerShell\v1.0;C:\Windows\System32\OpenSSH;C:\Program Files\NVIDIA Corporation\NVIDIA NvDLISR;C:\Program Files\Git\cmd;C:\Program Files\dotnet;C:\Users\Mendoza\Projects\Configs\flutter\bin;C:\Users\Mendoza\Projects\Configs;C:\Program Files\PuTTY;C:\Users\Mendoza\AppData\Roaming\nvm;C:\Program Files (x86)\NVIDIA Corporation\PhysX\Common;C:\WINDOWS\system32;C:\WINDOWS;C:\WINDOWS\System32\Wbem;C:\WINDOWS\System32\WindowsPowerShell\v1.0;C:\WINDOWS\System32\OpenSSH;C:\Users\Mendoza\AppData\Roaming\nvm;C:\Program Files\nodejs;C:\Program Files\Docker\Docker\resources\bin;C:\ProgramData\DockerDesktop\version-bin;C:\Program Files\WezTerm;C:\Users\Mendoza\anaconda3;C:\Users\Mendoza\anaconda3\Library\mingw-w64\bin;C:\Users\Mendoza\anaconda3\Library\usr\bin;C:\Users\Mendoza\anaconda3\Library\bin;C:\Users\Mendoza\anaconda3\Scripts;C:\Users\Mendoza\AppData\Local\Programs\Python\Python310\Scripts;C:\Users\Mendoza\AppData\Local\Programs\Python\Python310;C:\Users\Mendoza\AppData\Local\Microsoft\WindowsApps;C:\Users\Mendoza\AppData\Local\Programs\Microsoft VS Code\bin;C:\Users\Mendoza\AppData\Roaming\nvm;C:\Program Files\nodejs;C:\xampp\php;C:\Users\Mendoza\composer;C:\Users\Mendoza\AppData\Roaming\Composer\vendor\bin;C:\Program Files\heroku\bin;C:\Users\Mendoza\AppData\Local\Programs\oh-my-posh\bin;C:\Users\Mendoza\AppData\Local\Programs\Hyper\resources\bin;C:\Program Files\Git\usr\bin\vendor_perl;C:\Program Files\Git\usr\bin\core_perl

Yarn version: 
  1.22.19

Node version: 
  18.12.1

Platform: 
  win32 x64

Trace: 
  SyntaxError: C:\Users\Mendoza\Projects\Code\Neoris\package.json: Unexpected token } in JSON at position 511
      at JSON.parse (<anonymous>)
      at C:\Users\Mendoza\AppData\Roaming\nvm\v18.12.1\node_modules\yarn\lib\cli.js:1629:59
      at Generator.next (<anonymous>)
      at step (C:\Users\Mendoza\AppData\Roaming\nvm\v18.12.1\node_modules\yarn\lib\cli.js:310:30)
      at C:\Users\Mendoza\AppData\Roaming\nvm\v18.12.1\node_modules\yarn\lib\cli.js:321:13

npm manifest: 
  {
    "name": "Neoris",
    "version": "1.0.0",
    "main": "index.js",
    "author": "Alberto Mendoza <alberto@mendoza.dev>",
    "license": "MIT",
    "scripts": {
      "build": "tsc",
      "dev": "",
      "start": "node build/index.js"
    },
    "dependencies": {
      "@types/morgan": "^1.9.4",
      "express": "4.18.2",
      "fs": "^0.0.1-security",
      "morgan": "^1.10.0"
    },
    "devDependencies": {
      "@types/express": "^4.17.15",
      "ts-node-dev": "^2.0.0",
      "ts-standard": "^12.0.2",
      "typescript": "^4.9.4"
    },
  }

yarn manifest: 
  No manifest

Lockfile: 
  # THIS IS AN AUTOGENERATED FILE. DO NOT EDIT THIS FILE DIRECTLY.
  # yarn lockfile v1
  
  
  typescript@^4.9.4:
    version "4.9.4"
    resolved "https://registry.yarnpkg.com/typescript/-/typescript-4.9.4.tgz#a2a3d2756c079abda241d75f149df9d561091e78"
    integrity sha512-Uz+dTXYzxXXbsFpM86Wh3dKCxrQqUcVMxwU54orwlJjOpO3ao8L7j5lH+dWfTwgCwIuM9GQ2kvVotzYJMXTBZg==
